FJNM01000076.1	1147741	1663	FJNM01000076.1	LL712052.1	83.040	1875	276	29	65110	66957	9648	7789	0.0
FJNM01000076.1	1147741	1550	FJNM01000076.1	LL711349.1	76.413	3184	568	134	29910	33012	13422	10341	0.0
FJNM01000076.1	6293	1319	FJNM01000076.1	LM002788.1	81.986	1621	230	38	66979	68586	2	1573	0.0
FJNM01000076.1	6280	1275	FJNM01000076.1	LK964203.1	79.914	1867	272	62	15803	17641	119743	117952	0.0
FJNM01000076.1	6280	1146	FJNM01000076.1	LK964328.1	80.310	1615	237	45	66984	68587	91744	90200	0.0
FJNM01000076.1	1147741	1009	FJNM01000076.1	LL716369.1	79.536	1510	235	45	58889	60367	7	1473	0.0
FJNM01000076.1	6293	963	FJNM01000076.1	LM003957.1	81.713	1214	169	34	65420	66612	4150	5331	0.0
FJNM01000076.1	42155	902	FJNM01000076.1	LK906261.1	78.413	1487	249	47	28202	29672	3522	4952	0.0
FJNM01000076.1	1147741	678	FJNM01000076.1	LL714955.1	76.500	1400	237	63	5621	6973	1293	2647	0.0
FJNM01000076.1	6293	627	FJNM01000076.1	LM008341.1	78.932	1011	147	39	8536	9536	1273	319	2.26e-173
FJNM01000093.1	6280	2093	FJNM01000093.1	LK964260.1	78.785	3375	529	112	42635	45930	82708	85974	0.0
FJNM01000093.1	1147741	1801	FJNM01000093.1	LL714102.1	82.178	2250	257	83	69093	71232	4190	1975	0.0
FJNM01000093.1	6293	1500	FJNM01000093.1	LM001284.1	79.436	2271	351	84	42615	44838	3557	5758	0.0
FJNM01000093.1	1147741	1389	FJNM01000093.1	LL713833.1	83.184	1564	218	38	48778	50312	129	1676	0.0
FJNM01000093.1	1147741	1258	FJNM01000093.1	LL712552.1	81.036	1661	245	45	33858	35499	11	1620	0.0
FJNM01000093.1	42155	1123	FJNM01000093.1	LK905713.1	79.617	1673	258	57	42633	44267	6390	4763	0.0
FJNM01000093.1	42155	948	FJNM01000093.1	LK907134.1	78.604	1533	256	45	40637	42128	1571	70	0.0
FJNM01000093.1	1147741	876	FJNM01000093.1	LL711529.1	79.427	1361	186	52	24447	25768	1791	486	0.0
FJNM01000093.1	42155	710	FJNM01000093.1	LK916737.1	78.483	1213	169	48	70444	71609	1230	63	0.0
FJNM01000093.1	42155	542	FJNM01000093.1	LK907388.1	79.298	826	132	29	3026	3828	2993	3802	7.86e-148
FJNM01000242.1	6280	1463	FJNM01000242.1	LK964173.1	80.771	2023	262	87	26009	27978	251501	249553	0.0
FJNM01000242.1	1147741	1319	FJNM01000242.1	LL713718.1	81.246	1733	238	62	26326	28017	4932	3246	0.0
FJNM01000242.1	1147741	551	FJNM01000242.1	LL715834.1	80.670	776	95	41	36	797	530	1264	8.38e-151
FJNM01000242.1	6293	431	FJNM01000242.1	LM005918.1	86.131	411	44	10	26317	26722	3201	3603	1.14e-114
FJNM01000242.1	6293	431	FJNM01000242.1	LM000239.1	77.610	795	122	41	41356	42124	19692	18928	1.14e-114
FJNM01000242.1	7209	374	FJNM01000242.1	XM_003145166.2	93.927	247	15	0	27439	27685	880	1126	1.95e-97
FJNM01000242.1	6279	342	FJNM01000242.1	XM_001897686.1	91.837	245	20	0	27439	27683	727	971	5.49e-88
FJNM01000242.1	42155	331	FJNM01000242.1	LK916044.1	84.503	342	46	5	41720	42054	769	428	1.19e-84
FJNM01000242.1	6279	316	FJNM01000242.1	XM_001897685.1	84.146	328	50	1	31665	31990	1239	912	3.33e-80
FJNM01000242.1	7209	296	FJNM01000242.1	XM_020448339.1	82.779	331	57	0	31664	31994	1219	889	4.33e-74
FJNM01000259.1	1147741	904	FJNM01000259.1	LL710363.1	82.315	1097	143	34	13491	14575	71688	70631	0.0
FJNM01000259.1	6280	564	FJNM01000259.1	LK964235.1	85.714	560	51	20	14019	14571	81554	82091	1.03e-154
FJNM01000259.1	42155	521	FJNM01000259.1	LK905336.1	78.928	821	133	21	26423	27209	6694	7508	6.30e-142
FJNM01000259.1	42155	425	FJNM01000259.1	LK914033.1	84.828	435	52	8	13500	13926	1137	1565	5.08e-113
FJNM01000259.1	6293	424	FJNM01000259.1	LM002628.1	76.674	896	129	52	24470	25317	6209	7072	1.83e-112
FJNM01000259.1	6293	339	FJNM01000259.1	LM010753.1	87.542	297	31	4	33745	34039	811	519	6.81e-87
FJNM01000259.1	7209	337	FJNM01000259.1	XM_003139175.2	87.500	296	32	5	14944	15236	812	1105	2.45e-86
FJNM01000259.1	6293	331	FJNM01000259.1	LM009555.1	84.894	331	47	3	13500	13830	328	1	1.14e-84
FJNM01000259.1	6279	331	FJNM01000259.1	XM_001898218.1	88.364	275	32	0	26922	27196	1859	1585	1.14e-84
FJNM01000259.1	7209	331	FJNM01000259.1	XM_020446381.1	88.364	275	32	0	26922	27196	1829	1555	1.14e-84
FJNM01001154.1	7209	604	FJNM01001154.1	XM_003147097.2	87.861	519	58	4	2465	2978	936	418	2.40e-167
FJNM01001154.1	6293	582	FJNM01001154.1	LM000038.1	83.758	628	88	11	2393	3012	2384	3005	1.12e-160
FJNM01001154.1	42155	580	FJNM01001154.1	LK905804.1	83.492	630	96	6	2393	3015	2769	2141	4.04e-160
FJNM01001154.1	6280	569	FJNM01001154.1	LK964160.1	83.175	630	98	6	2393	3015	597896	597268	8.74e-157
FJNM01001154.1	6279	521	FJNM01001154.1	XM_001900095.1	89.074	421	45	1	2556	2975	780	360	2.48e-142
FJNM01001154.1	1147741	385	FJNM01001154.1	LL711329.1	87.879	330	37	3	8755	9083	18080	17753	3.40e-101
FJNM01001154.1	7209	329	FJNM01001154.1	XM_003135719.2	89.057	265	29	0	8801	9065	395	131	1.61e-84
FJNM01001154.1	6279	324	FJNM01001154.1	XM_001900096.1	88.679	265	30	0	8801	9065	320	56	7.51e-83
FJNM01001154.1	6252	311	FJNM01001154.1	LK874163.1	87.640	267	33	0	8799	9065	9940	9674	5.85e-79
FJNM01001154.1	7209	278	FJNM01001154.1	XM_020445363.1	83.548	310	38	8	16458	16766	303	6	5.93e-69
FJNM01001556.1	1147741	752	FJNM01001556.1	LL710491.1	74.125	2199	400	110	8191	10326	4025	6117	0.0
FJNM01001556.1	6293	676	FJNM01001556.1	LM001623.1	82.390	795	122	15	4112	4893	1706	2495	0.0
FJNM01001556.1	42155	627	FJNM01001556.1	LK907783.1	80.638	847	133	24	4112	4936	2302	1465	4.00e-174
FJNM01001556.1	6280	617	FJNM01001556.1	LK964429.1	80.606	825	139	17	4080	4892	16425	15610	2.41e-171
FJNM01001556.1	42155	435	FJNM01001556.1	LK907024.1	80.460	609	86	28	8218	8801	1703	2303	2.60e-116
FJNM01001556.1	6279	342	FJNM01001556.1	XM_001901400.1	89.170	277	27	3	4128	4403	584	310	1.62e-88
FJNM01001556.1	1147741	339	FJNM01001556.1	LL710399.1	81.884	414	63	4	4	405	42323	41910	2.10e-87
FJNM01001556.1	7209	315	FJNM01001556.1	XM_003138620.2	88.015	267	30	2	4128	4393	587	322	3.54e-80
FJNM01001556.1	7209	254	FJNM01001556.1	XM_020446208.1	91.005	189	16	1	8229	8417	569	756	7.83e-62
FJNM01001556.1	6279	248	FJNM01001556.1	XM_001901399.1	90.860	186	15	2	8615	8799	705	889	3.64e-60
FJNM01002842.1	1147741	765	FJNM01002842.1	LL711030.1	78.268	1247	231	24	4656	5871	21593	22830	0.0
FJNM01002842.1	6280	592	FJNM01002842.1	LK964616.1	82.177	735	87	26	2778	3501	19346	20047	7.94e-164
FJNM01002842.1	6293	453	FJNM01002842.1	LM003694.1	79.285	671	122	12	5581	6241	26	689	3.91e-122
FJNM01002842.1	6293	412	FJNM01002842.1	LM001672.1	89.602	327	30	4	2130	2454	776	452	6.63e-110
FJNM01002842.1	42155	385	FJNM01002842.1	LK904431.1	88.073	327	35	4	2130	2454	1060	736	1.45e-101
FJNM01002842.1	6279	374	FJNM01002842.1	XM_001899798.1	87.850	321	35	4	2132	2450	132	450	3.13e-98
FJNM01002842.1	7209	348	FJNM01002842.1	XM_003141402.2	92.562	242	18	0	2788	3029	436	677	1.90e-90
FJNM01002842.1	6293	316	FJNM01002842.1	LM009178.1	88.846	260	26	1	3159	3415	2058	1799	5.35e-81
FJNM01002842.1	103827	139	FJNM01002842.1	LK979576.1	85.606	132	19	0	349	480	90207	90338	1.24e-27
FJNM01006423.1	7209	274	FJNM01006423.1	XM_003138739.2	87.137	241	31	0	947	1187	399	159	1.07e-68
